<?xml version="1.0" encoding="UTF-8"?>
<testng-results ignored="0" total="1" passed="1" failed="0" skipped="0">
  <reporter-output>
  </reporter-output>
  <suite started-at="2023-09-04T17:16:14 IST" name="Leaftaps" finished-at="2023-09-04T17:16:54 IST" duration-ms="39851">
    <groups>
      <group name="cucumber">
        <method signature="AbstractTestNGCucumberTests.runScenario(cucumber.api.testng.PickleEventWrapper, cucumber.api.testng.CucumberFeatureWrapper)[pri:0, instance:com.leaftaps.testcases.TC001_JustLogin@35d019a3]" name="runScenario" class="cucumber.api.testng.AbstractTestNGCucumberTests"/>
      </group> <!-- cucumber -->
    </groups>
    <test started-at="2023-09-04T17:16:14 IST" name="Leads" finished-at="2023-09-04T17:16:54 IST" duration-ms="39851">
      <class name="com.leaftaps.testcases.TC001_JustLogin">
        <test-method is-config="true" signature="startReport()[pri:0, instance:com.leaftaps.testcases.TC001_JustLogin@35d019a3]" started-at="2023-09-04T17:16:14 IST" name="startReport" finished-at="2023-09-04T17:16:14 IST" duration-ms="464" status="PASS">
          <reporter-output>
          </reporter-output>
        </test-method> <!-- startReport -->
        <test-method is-config="true" signature="setValues()[pri:0, instance:com.leaftaps.testcases.TC001_JustLogin@35d019a3]" started-at="2023-09-04T17:16:14 IST" name="setValues" finished-at="2023-09-04T17:16:14 IST" duration-ms="0" status="PASS">
          <reporter-output>
          </reporter-output>
        </test-method> <!-- setValues -->
        <test-method is-config="true" signature="setUpClass()[pri:0, instance:com.leaftaps.testcases.TC001_JustLogin@35d019a3]" started-at="2023-09-04T17:16:14 IST" name="setUpClass" finished-at="2023-09-04T17:16:14 IST" duration-ms="293" status="PASS">
          <reporter-output>
          </reporter-output>
        </test-method> <!-- setUpClass -->
        <test-method is-config="true" signature="startTestCase()[pri:0, instance:com.leaftaps.testcases.TC001_JustLogin@35d019a3]" started-at="2023-09-04T17:16:14 IST" name="startTestCase" finished-at="2023-09-04T17:16:14 IST" duration-ms="15" status="PASS">
          <reporter-output>
          </reporter-output>
        </test-method> <!-- startTestCase -->
        <test-method is-config="true" signature="preCondition()[pri:0, instance:com.leaftaps.testcases.TC001_JustLogin@35d019a3]" started-at="2023-09-04T17:16:16 IST" name="preCondition" finished-at="2023-09-04T17:16:31 IST" duration-ms="14554" status="PASS">
          <reporter-output>
          </reporter-output>
        </test-method> <!-- preCondition -->
        <test-method signature="runLogin(java.lang.String, java.lang.String)[pri:0, instance:com.leaftaps.testcases.TC001_JustLogin@35d019a3]" started-at="2023-09-04T17:16:31 IST" name="runLogin" data-provider="fetchData" finished-at="2023-09-04T17:16:48 IST" duration-ms="17420" status="PASS">
          <params>
            <param index="0">
              <value>
                <![CDATA[DemoCSR]]>
              </value>
            </param>
            <param index="1">
              <value>
                <![CDATA[crmsfa]]>
              </value>
            </param>
          </params>
          <reporter-output>
          </reporter-output>
        </test-method> <!-- runLogin -->
        <test-method is-config="true" signature="postCondition()[pri:0, instance:com.leaftaps.testcases.TC001_JustLogin@35d019a3]" started-at="2023-09-04T17:16:48 IST" name="postCondition" finished-at="2023-09-04T17:16:53 IST" duration-ms="5042" status="PASS">
          <reporter-output>
          </reporter-output>
        </test-method> <!-- postCondition -->
        <test-method is-config="true" signature="updateResult()[pri:0, instance:com.leaftaps.testcases.TC001_JustLogin@35d019a3]" started-at="2023-09-04T17:16:53 IST" name="updateResult" finished-at="2023-09-04T17:16:54 IST" duration-ms="526" status="PASS">
          <reporter-output>
          </reporter-output>
        </test-method> <!-- updateResult -->
        <test-method is-config="true" signature="tearDownClass()[pri:0, instance:com.leaftaps.testcases.TC001_JustLogin@35d019a3]" started-at="2023-09-04T17:16:54 IST" name="tearDownClass" finished-at="2023-09-04T17:16:54 IST" duration-ms="4" status="PASS">
          <reporter-output>
          </reporter-output>
        </test-method> <!-- tearDownClass -->
        <test-method is-config="true" signature="endResult()[pri:0, instance:com.leaftaps.testcases.TC001_JustLogin@35d019a3]" started-at="2023-09-04T17:16:54 IST" name="endResult" finished-at="2023-09-04T17:16:55 IST" duration-ms="598" status="PASS">
          <reporter-output>
          </reporter-output>
        </test-method> <!-- endResult -->
      </class> <!-- com.leaftaps.testcases.TC001_JustLogin -->
    </test> <!-- Leads -->
  </suite> <!-- Leaftaps -->
</testng-results>
