<?xml version="1.0" encoding="UTF-8"?>
<testng-results ignored="0" total="1" passed="1" failed="0" skipped="0">
  <reporter-output>
  </reporter-output>
  <suite started-at="2023-09-12T12:41:59 IST" name="Leaftaps" finished-at="2023-09-12T12:42:41 IST" duration-ms="41644">
    <groups>
      <group name="cucumber">
        <method signature="AbstractTestNGCucumberTests.runScenario(cucumber.api.testng.PickleEventWrapper, cucumber.api.testng.CucumberFeatureWrapper)[pri:0, instance:com.leaftaps.testcases.TC001_JustLogin@35d019a3]" name="runScenario" class="cucumber.api.testng.AbstractTestNGCucumberTests"/>
      </group> <!-- cucumber -->
    </groups>
    <test started-at="2023-09-12T12:41:59 IST" name="Leads" finished-at="2023-09-12T12:42:41 IST" duration-ms="41644">
      <class name="com.leaftaps.testcases.TC001_JustLogin">
        <test-method is-config="true" signature="startReport()[pri:0, instance:com.leaftaps.testcases.TC001_JustLogin@35d019a3]" started-at="2023-09-12T12:41:59 IST" name="startReport" finished-at="2023-09-12T12:41:59 IST" duration-ms="352" status="PASS">
          <reporter-output>
          </reporter-output>
        </test-method> <!-- startReport -->
        <test-method is-config="true" signature="setValues()[pri:0, instance:com.leaftaps.testcases.TC001_JustLogin@35d019a3]" started-at="2023-09-12T12:41:59 IST" name="setValues" finished-at="2023-09-12T12:41:59 IST" duration-ms="0" status="PASS">
          <reporter-output>
          </reporter-output>
        </test-method> <!-- setValues -->
        <test-method is-config="true" signature="setUpClass()[pri:0, instance:com.leaftaps.testcases.TC001_JustLogin@35d019a3]" started-at="2023-09-12T12:41:59 IST" name="setUpClass" finished-at="2023-09-12T12:41:59 IST" duration-ms="282" status="PASS">
          <reporter-output>
          </reporter-output>
        </test-method> <!-- setUpClass -->
        <test-method is-config="true" signature="startTestCase()[pri:0, instance:com.leaftaps.testcases.TC001_JustLogin@35d019a3]" started-at="2023-09-12T12:41:59 IST" name="startTestCase" finished-at="2023-09-12T12:41:59 IST" duration-ms="17" status="PASS">
          <reporter-output>
          </reporter-output>
        </test-method> <!-- startTestCase -->
        <test-method is-config="true" signature="preCondition()[pri:0, instance:com.leaftaps.testcases.TC001_JustLogin@35d019a3]" started-at="2023-09-12T12:42:01 IST" name="preCondition" finished-at="2023-09-12T12:42:17 IST" duration-ms="15524" status="PASS">
          <reporter-output>
          </reporter-output>
        </test-method> <!-- preCondition -->
        <test-method signature="runLogin(java.lang.String, java.lang.String)[pri:0, instance:com.leaftaps.testcases.TC001_JustLogin@35d019a3]" started-at="2023-09-12T12:42:17 IST" name="runLogin" data-provider="fetchData" finished-at="2023-09-12T12:42:35 IST" duration-ms="18006" status="PASS">
          <params>
            <param index="0">
              <value>
                <![CDATA[DemoCSR]]>
              </value>
            </param>
            <param index="1">
              <value>
                <![CDATA[crmsfa]]>
              </value>
            </param>
          </params>
          <reporter-output>
          </reporter-output>
        </test-method> <!-- runLogin -->
        <test-method is-config="true" signature="postCondition()[pri:0, instance:com.leaftaps.testcases.TC001_JustLogin@35d019a3]" started-at="2023-09-12T12:42:35 IST" name="postCondition" finished-at="2023-09-12T12:42:40 IST" duration-ms="5206" status="PASS">
          <reporter-output>
          </reporter-output>
        </test-method> <!-- postCondition -->
        <test-method is-config="true" signature="updateResult()[pri:0, instance:com.leaftaps.testcases.TC001_JustLogin@35d019a3]" started-at="2023-09-12T12:42:40 IST" name="updateResult" finished-at="2023-09-12T12:42:41 IST" duration-ms="754" status="PASS">
          <reporter-output>
          </reporter-output>
        </test-method> <!-- updateResult -->
        <test-method is-config="true" signature="tearDownClass()[pri:0, instance:com.leaftaps.testcases.TC001_JustLogin@35d019a3]" started-at="2023-09-12T12:42:41 IST" name="tearDownClass" finished-at="2023-09-12T12:42:41 IST" duration-ms="5" status="PASS">
          <reporter-output>
          </reporter-output>
        </test-method> <!-- tearDownClass -->
        <test-method is-config="true" signature="endResult()[pri:0, instance:com.leaftaps.testcases.TC001_JustLogin@35d019a3]" started-at="2023-09-12T12:42:41 IST" name="endResult" finished-at="2023-09-12T12:42:41 IST" duration-ms="657" status="PASS">
          <reporter-output>
          </reporter-output>
        </test-method> <!-- endResult -->
      </class> <!-- com.leaftaps.testcases.TC001_JustLogin -->
    </test> <!-- Leads -->
  </suite> <!-- Leaftaps -->
</testng-results>
